#At	time	x	process	y	state	arr	w	total	z	remain	y	wait	k
#At	time	3	process	1	arrived	arr	3	total	28	remain	28	wait	0
#At	time	3	process	1	started	arr	3	total	28	remain	28	wait	0
#At	time	9	process	2	arrived	arr	9	total	22	remain	22	wait	0
#At	time	9	process	1	stopped	arr	3	total	28	remain	22	wait	0
#At	time	9	process	2	started	arr	9	total	22	remain	22	wait	0
#At	time	13	process	2	stopped	arr	9	total	22	remain	18	wait	0
#At	time	13	process	1	resumed	arr	3	total	28	remain	22	wait	4
#At	time	17	process	1	stopped	arr	3	total	28	remain	18	wait	4
#At	time	17	process	2	resumed	arr	9	total	22	remain	18	wait	4
#At	time	18	process	3	arrived	arr	18	total	26	remain	26	wait	0
#At	time	21	process	2	stopped	arr	9	total	22	remain	14	wait	4
#At	time	21	process	1	resumed	arr	3	total	28	remain	18	wait	8
#At	time	22	process	4	arrived	arr	22	total	21	remain	21	wait	0
#At	time	25	process	1	stopped	arr	3	total	28	remain	14	wait	8
#At	time	25	process	3	started	arr	18	total	26	remain	26	wait	7
#At	time	28	process	5	arrived	arr	28	total	13	remain	13	wait	0
#At	time	29	process	3	stopped	arr	18	total	26	remain	22	wait	7
#At	time	29	process	2	resumed	arr	9	total	22	remain	14	wait	12
#At	time	33	process	2	stopped	arr	9	total	22	remain	10	wait	12
#At	time	33	process	4	started	arr	22	total	21	remain	21	wait	11
#At	time	37	process	4	stopped	arr	22	total	21	remain	17	wait	11
#At	time	37	process	1	resumed	arr	3	total	28	remain	14	wait	20
#At	time	41	process	1	stopped	arr	3	total	28	remain	10	wait	20
#At	time	41	process	5	started	arr	28	total	13	remain	13	wait	13
#At	time	45	process	5	stopped	arr	28	total	13	remain	9	wait	13
#At	time	45	process	3	resumed	arr	18	total	26	remain	22	wait	23
#At	time	49	process	3	stopped	arr	18	total	26	remain	18	wait	23
#At	time	49	process	2	resumed	arr	9	total	22	remain	10	wait	28
#At	time	53	process	2	stopped	arr	9	total	22	remain	6	wait	28
#At	time	53	process	4	resumed	arr	22	total	21	remain	17	wait	27
#At	time	57	process	4	stopped	arr	22	total	21	remain	13	wait	27
#At	time	57	process	1	resumed	arr	3	total	28	remain	10	wait	36
#At	time	61	process	1	stopped	arr	3	total	28	remain	6	wait	36
#At	time	61	process	5	resumed	arr	28	total	13	remain	9	wait	29
#At	time	65	process	5	stopped	arr	28	total	13	remain	5	wait	29
#At	time	65	process	3	resumed	arr	18	total	26	remain	18	wait	39
#At	time	69	process	3	stopped	arr	18	total	26	remain	14	wait	39
#At	time	69	process	2	resumed	arr	9	total	22	remain	6	wait	44
#At	time	73	process	2	stopped	arr	9	total	22	remain	2	wait	44
#At	time	73	process	4	resumed	arr	22	total	21	remain	13	wait	43
#At	time	77	process	4	stopped	arr	22	total	21	remain	9	wait	43
#At	time	77	process	1	resumed	arr	3	total	28	remain	6	wait	52
#At	time	81	process	1	stopped	arr	3	total	28	remain	2	wait	52
#At	time	81	process	5	resumed	arr	28	total	13	remain	5	wait	45
#At	time	85	process	5	stopped	arr	28	total	13	remain	1	wait	45
#At	time	85	process	3	resumed	arr	18	total	26	remain	14	wait	55
#At	time	89	process	3	stopped	arr	18	total	26	remain	10	wait	55
#At	time	89	process	2	resumed	arr	9	total	22	remain	2	wait	60
#At	time	91	process	2	finished	arr	9	total	22	remain	0	wait	60
#At	time	91	process	4	resumed	arr	22	total	21	remain	9	wait	57
#At	time	95	process	4	stopped	arr	22	total	21	remain	5	wait	57
#At	time	95	process	1	resumed	arr	3	total	28	remain	2	wait	66
#At	time	97	process	1	finished	arr	3	total	28	remain	0	wait	66
#At	time	97	process	5	resumed	arr	28	total	13	remain	1	wait	57
#At	time	98	process	5	finished	arr	28	total	13	remain	0	wait	57
#At	time	98	process	3	resumed	arr	18	total	26	remain	10	wait	64
#At	time	102	process	3	stopped	arr	18	total	26	remain	6	wait	64
#At	time	102	process	4	resumed	arr	22	total	21	remain	5	wait	64
#At	time	106	process	4	stopped	arr	22	total	21	remain	1	wait	64
#At	time	106	process	3	resumed	arr	18	total	26	remain	6	wait	68
#At	time	110	process	3	stopped	arr	18	total	26	remain	2	wait	68
#At	time	110	process	4	resumed	arr	22	total	21	remain	1	wait	68
#At	time	111	process	4	finished	arr	22	total	21	remain	0	wait	68
#At	time	111	process	3	resumed	arr	18	total	26	remain	2	wait	69
#At	time	113	process	3	finished	arr	18	total	26	remain	0	wait	69
